2019-10-04 20:56:18:734 - [32minfo[39m: Listening on port 8081
2019-10-04 20:56:18:735 - [32minfo[39m: Process ready
2019-10-04 20:56:18:744 - [32minfo[39m: Created new Mongo connection
2019-10-04 21:13:19:202 - [32minfo[39m: SIGINT
2019-10-04 21:13:20:493 - [32minfo[39m: Listening on port 8081
2019-10-04 21:13:20:494 - [32minfo[39m: Process ready
2019-10-04 21:13:20:504 - [32minfo[39m: Created new Mongo connection
2019-10-05 03:20:55:287 - [32minfo[39m: SIGTERM
2019-10-05 20:45:00:566 - [32minfo[39m: Listening on port 8081
2019-10-05 20:45:00:567 - [32minfo[39m: Process ready
2019-10-05 20:45:00:576 - [32minfo[39m: Created new Mongo connection
2019-10-05 21:23:16:900 - [32minfo[39m: SIGINT
2019-10-05 21:23:18:220 - [32minfo[39m: Listening on port 8081
2019-10-05 21:23:18:222 - [32minfo[39m: Process ready
2019-10-05 21:23:18:231 - [32minfo[39m: Created new Mongo connection
2019-10-05 21:23:55:794 - [32minfo[39m: SIGINT
2019-10-05 21:23:57:117 - [32minfo[39m: Listening on port 8081
2019-10-05 21:23:57:118 - [32minfo[39m: Process ready
2019-10-05 21:23:57:127 - [32minfo[39m: Created new Mongo connection
2019-10-05 21:26:45:150 - [32minfo[39m: SIGINT
2019-10-05 21:26:46:487 - [32minfo[39m: Created new Mongo connection
2019-10-05 21:26:46:500 - [32minfo[39m: Listening on port 8081
2019-10-05 21:26:46:500 - [32minfo[39m: Process ready
2019-10-06 10:32:50:085 - [32minfo[39m: SIGINT
2019-10-06 10:32:51:429 - [32minfo[39m: Listening on port 8081
2019-10-06 10:32:51:431 - [32minfo[39m: Process ready
2019-10-06 10:32:51:439 - [32minfo[39m: Created new Mongo connection
