2019-10-04 20:56:19:929 - [32minfo[39m: Listening on port 8081
2019-10-04 20:56:19:930 - [32minfo[39m: Process ready
2019-10-04 20:56:19:940 - [32minfo[39m: Created new Mongo connection
2019-10-04 21:13:20:597 - [32minfo[39m: SIGINT
2019-10-04 21:13:21:906 - [32minfo[39m: Listening on port 8081
2019-10-04 21:13:21:908 - [32minfo[39m: Process ready
2019-10-04 21:13:21:917 - [32minfo[39m: Created new Mongo connection
2019-10-05 03:20:55:284 - [32minfo[39m: SIGTERM
2019-10-05 20:45:01:794 - [32minfo[39m: Listening on port 8081
2019-10-05 20:45:01:796 - [32minfo[39m: Process ready
2019-10-05 20:45:01:805 - [32minfo[39m: Created new Mongo connection
2019-10-05 21:23:18:251 - [32minfo[39m: SIGINT
2019-10-05 21:23:19:575 - [32minfo[39m: Listening on port 8081
2019-10-05 21:23:19:576 - [32minfo[39m: Process ready
2019-10-05 21:23:19:586 - [32minfo[39m: Created new Mongo connection
2019-10-05 21:23:57:159 - [32minfo[39m: SIGINT
2019-10-05 21:23:58:467 - [32minfo[39m: Listening on port 8081
2019-10-05 21:23:58:468 - [32minfo[39m: Process ready
2019-10-05 21:23:58:478 - [32minfo[39m: Created new Mongo connection
2019-10-05 21:26:46:500 - [32minfo[39m: SIGINT
2019-10-05 21:26:47:806 - [32minfo[39m: Listening on port 8081
2019-10-05 21:26:47:807 - [32minfo[39m: Process ready
2019-10-05 21:26:47:818 - [32minfo[39m: Created new Mongo connection
2019-10-06 10:32:51:391 - [32minfo[39m: SIGINT
2019-10-06 10:32:52:731 - [32minfo[39m: Listening on port 8081
2019-10-06 10:32:52:732 - [32minfo[39m: Process ready
2019-10-06 10:32:52:741 - [32minfo[39m: Created new Mongo connection
